<?xml version="1.0" encoding="UTF-8"?>
<!-- Generated by org.testng.reporters.JUnitReportReporter -->
<testsuite hostname="DESKTOP-A9RMGMK" failures="0" tests="1" name="testCases.TC_SXAdmin024" time="2.659" errors="0" timestamp="2024-09-26T19:25:38 EDT" skipped="0">
  <testcase classname="testCases.TC_SXAdmin024" name="verify_twocompwd" time="2.659"/>
</testsuite> <!-- testCases.TC_SXAdmin024 -->
