<?xml version="1.0" encoding="UTF-8"?>
<!-- Generated by org.testng.reporters.JUnitReportReporter -->
<testsuite hostname="DESKTOP-A9RMGMK" failures="0" tests="1" name="testCases.TC_SXAdmin005" time="0.881" errors="0" timestamp="2024-09-24T18:47:56 EDT" skipped="0">
  <testcase classname="testCases.TC_SXAdmin005" name="Ex_domainTest" time="0.881"/>
</testsuite> <!-- testCases.TC_SXAdmin005 -->
