<?xml version="1.0" encoding="UTF-8"?>
<!-- Generated by org.testng.reporters.JUnitReportReporter -->
<testsuite hostname="DESKTOP-A9RMGMK" failures="0" tests="1" name="testCases.TC_SXAdmin027" time="1.017" errors="0" timestamp="2024-09-18T21:46:00 EDT" skipped="0">
  <testcase classname="testCases.TC_SXAdmin027" name="setInvalidDomain" time="1.017"/>
</testsuite> <!-- testCases.TC_SXAdmin027 -->
