<?xml version="1.0" encoding="UTF-8"?>
<!-- Generated by org.testng.reporters.JUnitReportReporter -->
<testsuite hostname="DESKTOP-A9RMGMK" failures="0" tests="1" name="testCases.DDTLogin$Assign3readexcelfile" time="2.109" errors="0" timestamp="2024-09-24T16:51:48 EDT" skipped="0">
  <testcase classname="testCases.DDTLogin$Assign3readexcelfile" name="readFromExcelFile" time="2.109"/>
</testsuite> <!-- testCases.DDTLogin$Assign3readexcelfile -->
