<?xml version="1.0" encoding="UTF-8"?>
<!-- Generated by org.testng.reporters.JUnitReportReporter -->
<testsuite hostname="DESKTOP-A9RMGMK" failures="0" tests="1" name="testCases.DDT_Login" time="0.019" errors="0" timestamp="2024-09-29T23:05:58 EDT" skipped="0">
  <testcase classname="testCases.DDT_Login" name="sincxlogin" time="0.019"/>
</testsuite> <!-- testCases.DDT_Login -->
